<?xml version="1.0" encoding="UTF-8"?>
<testng-results skipped="0" failed="0" ignored="0" total="1" passed="1">
  <reporter-output>
  </reporter-output>
  <suite name="Default suite" duration-ms="11951" started-at="2017-10-25T05:21:02Z" finished-at="2017-10-25T05:21:14Z">
    <groups>
    </groups>
    <test name="Default test" duration-ms="11951" started-at="2017-10-25T05:21:02Z" finished-at="2017-10-25T05:21:14Z">
      <class name="Puma.Puma">
        <test-method status="PASS" signature="puma()[pri:0, instance:Puma.Puma@7ac7a4e4]" name="puma" duration-ms="11923" started-at="2017-10-25T10:51:02Z" finished-at="2017-10-25T10:51:14Z">
          <reporter-output>
          </reporter-output>
        </test-method> <!-- puma -->
      </class> <!-- Puma.Puma -->
    </test> <!-- Default test -->
  </suite> <!-- Default suite -->
</testng-results>
